<?xml version="1.0" encoding="UTF-8"?>
<!-- Generated by org.testng.reporters.JUnitXMLReporter -->
<testsuite hostname="1-LAMBUI-W" ignored="0" name="Group Test" tests="5" failures="1" timestamp="20 May 2022 04:30:56 GMT" time="69.754" errors="0">
  <testcase name="verifyLogin" time="31.735" classname="testcase_uat.TC_Login"/>
  <testcase name="verifyAllTab" time="2.93" classname="testcase_uat.TC_ListGt"/>
  <testcase name="verifySupportTab" time="1.17" classname="testcase_uat.TC_ListGt"/>
  <testcase name="verifySearchL1" time="4.057" classname="testcase_uat.TC_SearchGt"/>
  <testcase name="verifySearchL0" time="2.326" classname="testcase_uat.TC_SearchGt">
    <failure type="java.lang.AssertionError" message="expected [0111770004] but found [null]">
      <![CDATA[java.lang.AssertionError: expected [0111770004] but found [null]
at testcase_uat.TC_SearchGt.verifySearchL0(TC_SearchGt.java:65)
... Removed 35 stack frames]]>
    </failure>
  </testcase> <!-- verifySearchL0 -->
</testsuite> <!-- Group Test -->
