<?xml version="1.0" encoding="UTF-8"?>
<testng-results skipped="0" failed="1" ignored="0" total="2" passed="1">
  <reporter-output>
  </reporter-output>
  <suite name="Time test Suite" duration-ms="20567" started-at="2022-05-21T03:14:09Z" finished-at="2022-05-21T03:14:30Z">
    <groups>
    </groups>
    <test name="Group Test" duration-ms="20567" started-at="2022-05-21T03:14:09Z" finished-at="2022-05-21T03:14:30Z">
      <class name="testcase_uat.TC_SearchGt">
        <test-method status="PASS" signature="navigateCustomerMenu()[pri:0, instance:testcase_uat.TC_SearchGt@2344fc66]" name="navigateCustomerMenu" is-config="true" duration-ms="13098" started-at="2022-05-21T03:14:09Z" finished-at="2022-05-21T03:14:22Z">
          <reporter-output>
          </reporter-output>
        </test-method> <!-- navigateCustomerMenu -->
        <test-method status="FAIL" signature="verifySearchL1(java.lang.String)[pri:1, instance:testcase_uat.TC_SearchGt@2344fc66]" name="verifySearchL1" duration-ms="4140" started-at="2022-05-21T03:14:22Z" data-provider="text_search_customer_L1" finished-at="2022-05-21T03:14:26Z">
          <params>
            <param index="0">
              <value>
                <![CDATA[01117700011]]>
              </value>
            </param>
          </params>
          <exception class="java.lang.AssertionError">
            <message>
              <![CDATA[expected [01117700011] but found [null]]]>
            </message>
            <full-stacktrace>
              <![CDATA[java.lang.AssertionError: expected [01117700011] but found [null]
at org.testng.Assert.fail(Assert.java:96)
at org.testng.Assert.failNotEquals(Assert.java:776)
at org.testng.Assert.assertEqualsImpl(Assert.java:132)
at org.testng.Assert.assertEquals(Assert.java:118)
at org.testng.Assert.assertEquals(Assert.java:453)
at org.testng.Assert.assertEquals(Assert.java:463)
at testcase_uat.TC_SearchGt.verifySearchL1(TC_SearchGt.java:48)
at sun.reflect.NativeMethodAccessorImpl.invoke0(Native Method)
at sun.reflect.NativeMethodAccessorImpl.invoke(NativeMethodAccessorImpl.java:62)
at sun.reflect.DelegatingMethodAccessorImpl.invoke(DelegatingMethodAccessorImpl.java:43)
at java.lang.reflect.Method.invoke(Method.java:498)
at org.testng.internal.MethodInvocationHelper.invokeMethod(MethodInvocationHelper.java:124)
at org.testng.internal.Invoker.invokeMethod(Invoker.java:583)
at org.testng.internal.Invoker.invokeTestMethod(Invoker.java:719)
at org.testng.internal.Invoker.invokeTestMethods(Invoker.java:989)
at org.testng.internal.TestMethodWorker.invokeTestMethods(TestMethodWorker.java:125)
at org.testng.internal.TestMethodWorker.run(TestMethodWorker.java:109)
at org.testng.TestRunner.privateRun(TestRunner.java:648)
at org.testng.TestRunner.run(TestRunner.java:505)
at org.testng.SuiteRunner.runTest(SuiteRunner.java:455)
at org.testng.SuiteRunner.runSequentially(SuiteRunner.java:450)
at org.testng.SuiteRunner.privateRun(SuiteRunner.java:415)
at org.testng.SuiteRunner.run(SuiteRunner.java:364)
at org.testng.SuiteRunnerWorker.runSuite(SuiteRunnerWorker.java:52)
at org.testng.SuiteRunnerWorker.run(SuiteRunnerWorker.java:84)
at org.testng.TestNG.runSuitesSequentially(TestNG.java:1208)
at org.testng.TestNG.runSuitesLocally(TestNG.java:1137)
at org.testng.TestNG.runSuites(TestNG.java:1049)
at org.testng.TestNG.run(TestNG.java:1017)
at org.apache.maven.surefire.testng.TestNGExecutor.run(TestNGExecutor.java:284)
at org.apache.maven.surefire.testng.TestNGXmlTestSuite.execute(TestNGXmlTestSuite.java:75)
at org.apache.maven.surefire.testng.TestNGProvider.invoke(TestNGProvider.java:119)
at org.apache.maven.surefire.booter.ForkedBooter.runSuitesInProcess(ForkedBooter.java:428)
at org.apache.maven.surefire.booter.ForkedBooter.execute(ForkedBooter.java:162)
at org.apache.maven.surefire.booter.ForkedBooter.run(ForkedBooter.java:562)
at org.apache.maven.surefire.booter.ForkedBooter.main(ForkedBooter.java:548)
]]>
            </full-stacktrace>
          </exception> <!-- java.lang.AssertionError -->
          <reporter-output>
          </reporter-output>
        </test-method> <!-- verifySearchL1 -->
        <test-method status="PASS" signature="verifySearchL0(java.lang.String)[pri:2, instance:testcase_uat.TC_SearchGt@2344fc66]" name="verifySearchL0" duration-ms="3298" started-at="2022-05-21T03:14:26Z" data-provider="text_search_customer_L0" finished-at="2022-05-21T03:14:30Z">
          <params>
            <param index="0">
              <value>
                <![CDATA[0111770004]]>
              </value>
            </param>
          </params>
          <reporter-output>
          </reporter-output>
        </test-method> <!-- verifySearchL0 -->
      </class> <!-- testcase_uat.TC_SearchGt -->
    </test> <!-- Group Test -->
  </suite> <!-- Time test Suite -->
</testng-results>
